<?xml version="1.0" encoding="UTF-8"?>
<testng-results ignored="0" total="4" passed="4" failed="0" skipped="0">
  <reporter-output>
  </reporter-output>
  <suite started-at="2020-12-09T11:11:15 IST" name="Default suite" finished-at="2020-12-09T11:11:19 IST" duration-ms="3823">
    <groups>
    </groups>
    <test started-at="2020-12-09T11:11:15 IST" name="Default test" finished-at="2020-12-09T11:11:19 IST" duration-ms="3823">
      <class name="stepDef9.TestRunner">
        <test-method signature="api_for_foreign_exchange()[pri:0, instance:stepDef9.TestRunner@66498326]" started-at="2020-12-09T11:11:15 IST" name="api_for_foreign_exchange" finished-at="2020-12-09T11:11:16 IST" duration-ms="917" status="PASS">
          <reporter-output>
          </reporter-output>
        </test-method> <!-- api_for_foreign_exchange -->
        <test-method signature="posted_with_future_date_value(java.lang.String, java.lang.String, java.lang.String)[pri:0, instance:stepDef9.TestRunner@66498326]" started-at="2020-12-09T11:11:16 IST" name="posted_with_future_date_value" data-provider="Date" finished-at="2020-12-09T11:11:19 IST" duration-ms="2232" status="PASS">
          <params>
            <param index="0">
              <value>
                <![CDATA[2020]]>
              </value>
            </param>
            <param index="1">
              <value>
                <![CDATA[12]]>
              </value>
            </param>
            <param index="2">
              <value>
                <![CDATA[10]]>
              </value>
            </param>
          </params>
          <reporter-output>
          </reporter-output>
        </test-method> <!-- posted_with_future_date_value -->
        <test-method signature="posted_with_future_date_value(java.lang.String, java.lang.String, java.lang.String)[pri:0, instance:stepDef9.TestRunner@66498326]" started-at="2020-12-09T11:11:19 IST" name="posted_with_future_date_value" data-provider="Date" finished-at="2020-12-09T11:11:19 IST" duration-ms="591" status="PASS">
          <params>
            <param index="0">
              <value>
                <![CDATA[2021]]>
              </value>
            </param>
            <param index="1">
              <value>
                <![CDATA[06]]>
              </value>
            </param>
            <param index="2">
              <value>
                <![CDATA[30]]>
              </value>
            </param>
          </params>
          <reporter-output>
          </reporter-output>
        </test-method> <!-- posted_with_future_date_value -->
        <test-method signature="validate_positive_response_code()[pri:0, instance:stepDef9.TestRunner@66498326]" started-at="2020-12-09T11:11:19 IST" name="validate_positive_response_code" finished-at="2020-12-09T11:11:19 IST" duration-ms="8" status="PASS">
          <reporter-output>
          </reporter-output>
        </test-method> <!-- validate_positive_response_code -->
      </class> <!-- stepDef9.TestRunner -->
    </test> <!-- Default test -->
  </suite> <!-- Default suite -->
</testng-results>
