<?xml version="1.0" encoding="UTF-8"?>
<!-- Generated by org.testng.reporters.JUnitXMLReporter -->
<testsuite ignored="0" hostname="PUNITP275201L" failures="0" tests="4" name="Default test" time="3.823" errors="0" timestamp="2020-12-09T11:11:19 IST">
  <testcase classname="stepDef9.DataProSteps" name="api_for_foreign_exchange" time="0.917"/>
  <testcase classname="stepDef9.DataProSteps" name="posted_with_future_date_value" time="2.232"/>
  <testcase classname="stepDef9.DataProSteps" name="posted_with_future_date_value" time="0.591"/>
  <testcase classname="stepDef9.DataProSteps" name="validate_positive_response_code" time="0.008"/>
</testsuite> <!-- Default test -->
